# JRE version: Java(TM) SE Runtime Environment (8.0_111-b14) (build 1.8.0_111-b14)
# Java VM: Java HotSpot(TM) 64-Bit Server VM (25.111-b14 mixed mode linux-amd64 compressed oops)
Heap:
 PSYoungGen      total 43008K, used 28993K [0x00000000d7380000, 0x00000000dc200000, 0x0000000100000000)
  eden space 30720K, 54% used [0x00000000d7380000,0x00000000d83d3ea0,0x00000000d9180000)
  from space 12288K, 99% used [0x00000000db600000,0x00000000dc1fc6c8,0x00000000dc200000)
  to   space 18944K, 0% used [0x00000000d9d00000,0x00000000d9d00000,0x00000000daf80000)
 ParOldGen       total 62976K, used 30204K [0x0000000085a00000, 0x0000000089780000, 0x00000000d7380000)
  object space 62976K, 47% used [0x0000000085a00000,0x000000008777f3d0,0x0000000089780000)
 Metaspace       used 43236K, capacity 45452K, committed 45568K, reserved 1089536K
  class space    used 5742K, capacity 6142K, committed 6144K, reserved 1048576K
GC Heap History (10 events):
Event: 90.759 GC heap before
{Heap before GC invocations=6 (full 1):
 PSYoungGen      total 36864K, used 36832K [0x00000000d7380000, 0x00000000d9c80000, 0x0000000100000000)
  eden space 31744K, 100% used [0x00000000d7380000,0x00000000d9280000,0x00000000d9280000)
  from space 5120K, 99% used [0x00000000d9780000,0x00000000d9c78010,0x00000000d9c80000)
  to   space 5120K, 0% used [0x00000000d9280000,0x00000000d9280000,0x00000000d9780000)
 ParOldGen       total 40448K, used 9929K [0x0000000085a00000, 0x0000000088180000, 0x00000000d7380000)
  object space 40448K, 24% used [0x0000000085a00000,0x00000000863b27a8,0x0000000088180000)
 Metaspace       used 31225K, capacity 33108K, committed 33408K, reserved 1079296K
  class space    used 4108K, capacity 4450K, committed 4480K, reserved 1048576K
Event: 90.770 GC heap after
Heap after GC invocations=6 (full 1):
 PSYoungGen      total 36352K, used 5088K [0x00000000d7380000, 0x00000000da800000, 0x0000000100000000)
  eden space 31232K, 0% used [0x00000000d7380000,0x00000000d7380000,0x00000000d9200000)
  from space 5120K, 99% used [0x00000000d9280000,0x00000000d9778010,0x00000000d9780000)
  to   space 11264K, 0% used [0x00000000d9d00000,0x00000000d9d00000,0x00000000da800000)
 ParOldGen       total 40448K, used 16733K [0x0000000085a00000, 0x0000000088180000, 0x00000000d7380000)
  object space 40448K, 41% used [0x0000000085a00000,0x0000000086a57620,0x0000000088180000)
 Metaspace       used 31225K, capacity 33108K, committed 33408K, reserved 1079296K
  class space    used 4108K, capacity 4450K, committed 4480K, reserved 1048576K
}
Event: 90.882 GC heap before
{Heap before GC invocations=7 (full 1):
 PSYoungGen      total 36352K, used 8280K [0x00000000d7380000, 0x00000000da800000, 0x0000000100000000)
  eden space 31232K, 10% used [0x00000000d7380000,0x00000000d769e078,0x00000000d9200000)
  from space 5120K, 99% used [0x00000000d9280000,0x00000000d9778010,0x00000000d9780000)
  to   space 11264K, 0% used [0x00000000d9d00000,0x00000000d9d00000,0x00000000da800000)
 ParOldGen       total 40448K, used 16733K [0x0000000085a00000, 0x0000000088180000, 0x00000000d7380000)
  object space 40448K, 41% used [0x0000000085a00000,0x0000000086a57620,0x0000000088180000)
 Metaspace       used 33354K, capacity 35264K, committed 35416K, reserved 1079296K
  class space    used 4427K, capacity 4782K, committed 4864K, reserved 1048576K
Event: 90.889 GC heap after
Heap after GC invocations=7 (full 1):
 PSYoungGen      total 42496K, used 5837K [0x00000000d7380000, 0x00000000dbe00000, 0x0000000100000000)
  eden space 31232K, 0% used [0x00000000d7380000,0x00000000d7380000,0x00000000d9200000)
  from space 11264K, 51% used [0x00000000d9d00000,0x00000000da2b37e8,0x00000000da800000)
  to   space 11264K, 0% used [0x00000000d9200000,0x00000000d9200000,0x00000000d9d00000)
 ParOldGen       total 40448K, used 16741K [0x0000000085a00000, 0x0000000088180000, 0x00000000d7380000)
  object space 40448K, 41% used [0x0000000085a00000,0x0000000086a59620,0x0000000088180000)
 Metaspace       used 33354K, capacity 35264K, committed 35416K, reserved 1079296K
  class space    used 4427K, capacity 4782K, committed 4864K, reserved 1048576K
}
Event: 90.889 GC heap before
{Heap before GC invocations=8 (full 2):
 PSYoungGen      total 42496K, used 5837K [0x00000000d7380000, 0x00000000dbe00000, 0x0000000100000000)
  eden space 31232K, 0% used [0x00000000d7380000,0x00000000d7380000,0x00000000d9200000)
  from space 11264K, 51% used [0x00000000d9d00000,0x00000000da2b37e8,0x00000000da800000)
  to   space 11264K, 0% used [0x00000000d9200000,0x00000000d9200000,0x00000000d9d00000)
 ParOldGen       total 40448K, used 16741K [0x0000000085a00000, 0x0000000088180000, 0x00000000d7380000)
  object space 40448K, 41% used [0x0000000085a00000,0x0000000086a59620,0x0000000088180000)
 Metaspace       used 33354K, capacity 35264K, committed 35416K, reserved 1079296K
  class space    used 4427K, capacity 4782K, committed 4864K, reserved 1048576K
Event: 90.931 GC heap after
Heap after GC invocations=8 (full 2):
 PSYoungGen      total 42496K, used 0K [0x00000000d7380000, 0x00000000dbe00000, 0x0000000100000000)
  eden space 31232K, 0% used [0x00000000d7380000,0x00000000d7380000,0x00000000d9200000)
  from space 11264K, 0% used [0x00000000d9d00000,0x00000000d9d00000,0x00000000da800000)
  to   space 11264K, 0% used [0x00000000d9200000,0x00000000d9200000,0x00000000d9d00000)
 ParOldGen       total 62976K, used 18613K [0x0000000085a00000, 0x0000000089780000, 0x00000000d7380000)
  object space 62976K, 29% used [0x0000000085a00000,0x0000000086c2d540,0x0000000089780000)
 Metaspace       used 33354K, capacity 35264K, committed 35416K, reserved 1079296K
  class space    used 4427K, capacity 4782K, committed 4864K, reserved 1048576K
}
Event: 110.072 GC heap before
{Heap before GC invocations=9 (full 2):
 PSYoungGen      total 42496K, used 31232K [0x00000000d7380000, 0x00000000dbe00000, 0x0000000100000000)
  eden space 31232K, 100% used [0x00000000d7380000,0x00000000d9200000,0x00000000d9200000)
  from space 11264K, 0% used [0x00000000d9d00000,0x00000000d9d00000,0x00000000da800000)
  to   space 11264K, 0% used [0x00000000d9200000,0x00000000d9200000,0x00000000d9d00000)
 ParOldGen       total 62976K, used 18613K [0x0000000085a00000, 0x0000000089780000, 0x00000000d7380000)
  object space 62976K, 29% used [0x0000000085a00000,0x0000000086c2d540,0x0000000089780000)
 Metaspace       used 41372K, capacity 43472K, committed 43648K, reserved 1087488K
  class space    used 5537K, capacity 5930K, committed 6016K, reserved 1048576K
Event: 110.077 GC heap after
Heap after GC invocations=9 (full 2):
 PSYoungGen      total 42496K, used 10730K [0x00000000d7380000, 0x00000000dc200000, 0x0000000100000000)
  eden space 31232K, 0% used [0x00000000d7380000,0x00000000d7380000,0x00000000d9200000)
  from space 11264K, 95% used [0x00000000d9200000,0x00000000d9c7abd8,0x00000000d9d00000)
  to   space 12288K, 0% used [0x00000000db600000,0x00000000db600000,0x00000000dc200000)
 ParOldGen       total 62976K, used 18621K [0x0000000085a00000, 0x0000000089780000, 0x00000000d7380000)
  object space 62976K, 29% used [0x0000000085a00000,0x0000000086c2f540,0x0000000089780000)
 Metaspace       used 41372K, capacity 43472K, committed 43648K, reserved 1087488K
  class space    used 5537K, capacity 5930K, committed 6016K, reserved 1048576K
}
Event: 3826.897 GC heap before
{Heap before GC invocations=10 (full 2):
 PSYoungGen      total 42496K, used 41962K [0x00000000d7380000, 0x00000000dc200000, 0x0000000100000000)
  eden space 31232K, 100% used [0x00000000d7380000,0x00000000d9200000,0x00000000d9200000)
  from space 11264K, 95% used [0x00000000d9200000,0x00000000d9c7abd8,0x00000000d9d00000)
  to   space 12288K, 0% used [0x00000000db600000,0x00000000db600000,0x00000000dc200000)
 ParOldGen       total 62976K, used 18621K [0x0000000085a00000, 0x0000000089780000, 0x00000000d7380000)
  object space 62976K, 29% used [0x0000000085a00000,0x0000000086c2f540,0x0000000089780000)
 Metaspace       used 43138K, capacity 45388K, committed 45568K, reserved 1089536K
  class space    used 5742K, capacity 6142K, committed 6144K, reserved 1048576K
Event: 3826.910 GC heap after
Heap after GC invocations=10 (full 2):
 PSYoungGen      total 43008K, used 12273K [0x00000000d7380000, 0x00000000dc200000, 0x0000000100000000)
  eden space 30720K, 0% used [0x00000000d7380000,0x00000000d7380000,0x00000000d9180000)
  from space 12288K, 99% used [0x00000000db600000,0x00000000dc1fc6c8,0x00000000dc200000)
  to   space 18944K, 0% used [0x00000000d9d00000,0x00000000d9d00000,0x00000000daf80000)
 ParOldGen       total 62976K, used 30204K [0x0000000085a00000, 0x0000000089780000, 0x00000000d7380000)
  object space 62976K, 47% used [0x0000000085a00000,0x000000008777f3d0,0x0000000089780000)
 Metaspace       used 43138K, capacity 45388K, committed 45568K, reserved 1089536K
  class space    used 5742K, capacity 6142K, committed 6144K, reserved 1048576K
}

